This is pdfTeX, Version 3.14159265-2.6-1.40.19 (TeX Live 2018) (preloaded format=pdflatex 2018.7.1)  18 AUG 2018 19:15
entering extended mode
 restricted \write18 enabled.
 file:line:error style messages enabled.
 %&-line parsing enabled.
**matrita.sty
(./matrita.sty
LaTeX2e <2018-04-01> patch level 5

LaTeX Warning: You have requested package `',
               but the package provides `matrita'.

Package: matrita 2013/03/13 v0.3 Package for creating wedding Mass booklets
(/usr/local/texlive/2018/texmf-dist/tex/latex/tools/longtable.sty
Package: longtable 2014/10/28 v4.11 Multi-page Table package (DPC)
\LTleft=\skip41
\LTright=\skip42
\LTpre=\skip43
\LTpost=\skip44
\LTchunksize=\count80
\LTcapwidth=\dimen102
\LT@head=\box26
\LT@firsthead=\box27
\LT@foot=\box28
\LT@lastfoot=\box29
\LT@cols=\count81
\LT@rows=\count82
\c@LT@tables=\count83
\c@LT@chunks=\count84
\c@table=\count85
\LT@p@ftn=\toks14
)
(/usr/local/texlive/2018/texmf-dist/tex/latex/verse/verse.sty
Package: verse 2009/09/04 v2.4a verse typesetting
\c@vslineno=\count86
\c@poemline=\count87
\c@fvsline=\count88
\c@modulo@vs=\count89
\c@verse@envctr=\count90
\versewidth=\skip45
\vgap=\skip46
\vindent=\skip47
\stanzaskip=\skip48
\vleftskip=\skip49
\vrightskip=\skip50


/usr/local/texlive/2018/texmf-dist/tex/latex/verse/verse.sty:130: LaTeX Error: 
Environment verse undefined.

See the LaTeX manual or LaTeX Companion for explanation.
Type  H <return>  for immediate help.
 ...                                              
                                                  
l.130 \renewenvironment{verse}
                              [1][\linewidth]{%
? 
/usr/local/texlive/2018/texmf-dist/tex/latex/verse/verse.sty:130: Emergency sto
p.
 ...                                              
                                                  
l.130 \renewenvironment{verse}
                              [1][\linewidth]{%
Try typing  <return>  to proceed.
If that doesn't work, type  X <return>  to quit.

 
Here is how much of TeX's memory you used:
 172 strings out of 492646
 2326 string characters out of 6129564
 58828 words of memory out of 5000000
 4148 multiletter control sequences out of 15000+600000
 3640 words of font info for 14 fonts, out of 8000000 for 9000
 1141 hyphenation exceptions out of 8191
 16i,0n,17p,140b,14s stack positions out of 5000i,500n,10000p,200000b,80000s
/usr/local/texlive/2018/texmf-dist/tex/latex/verse/verse.sty:130:  ==> Fatal er
ror occurred, no output PDF file produced!
